This is pdfTeX, Version 3.141592653-2.6-1.40.26 (MiKTeX 24.4) (preloaded format=pdflatex 2024.9.21)  25 SEP 2024 23:41
entering extended mode
 restricted \write18 enabled.
 %&-line parsing enabled.
**./projeto_exemplo.tex
(projeto_exemplo.tex
LaTeX2e <2024-06-01> patch level 2
L3 programming layer <2024-08-30>
(uftex.cls
Document Class: uftex 
(C:\Program Files\MiKTeX\tex/latex/base\book.cls
Document Class: book 2024/02/08 v1.4n Standard LaTeX document class
(C:\Program Files\MiKTeX\tex/latex/base\bk12.clo
File: bk12.clo 2024/02/08 v1.4n Standard LaTeX file (size option)
)
\c@part=\count194
\c@chapter=\count195
\c@section=\count196
\c@subsection=\count197
\c@subsubsection=\count198
\c@paragraph=\count199
\c@subparagraph=\count266
\c@figure=\count267
\c@table=\count268
\abovecaptionskip=\skip49
\belowcaptionskip=\skip50
\bibindent=\dimen141
)
(C:\Program Files\MiKTeX\tex/latex/base\fontenc.sty
Package: fontenc 2021/04/29 v2.0v Standard LaTeX package
)
(C:\Program Files\MiKTeX\tex/generic/babel\babel.sty
Package: babel 2024/08/29 v24.9 The Babel package
\babel@savecnt=\count269
\U@D=\dimen142
\l@unhyphenated=\language79

(C:\Program Files\MiKTeX\tex/generic/babel\txtbabel.def)
\bbl@readstream=\read2
\bbl@dirlevel=\count270

*************************************
* Local config file bblopts.cfg used
*
(C:\Program Files\MiKTeX\tex/latex/arabi\bblopts.cfg
File: bblopts.cfg 2005/09/08 v0.1 add Arabic and Farsi to "declared" options of
 babel
)
(C:\Program Files\MiKTeX\tex/latex/babel-english\english.ldf
Language: english 2017/06/06 v3.3r English support from the babel system
Package babel Info: Hyphen rules for 'canadian' set to \l@english
(babel)             (\language0). Reported on input line 102.
Package babel Info: Hyphen rules for 'australian' set to \l@ukenglish
(babel)             (\language73). Reported on input line 105.
Package babel Info: Hyphen rules for 'newzealand' set to \l@ukenglish
(babel)             (\language73). Reported on input line 108.
)
(C:\Program Files\MiKTeX\tex/latex/babel-portuges\brazil.ldf
Language: portuges 2021/07/09 v1.2t Portuguese support from the babel system
Package babel Info: Hyphen rules for 'brazil' set to \l@portuguese
(babel)             (\language56). Reported on input line 111.
Package babel Info: Making " an active character on input line 143.
))
(C:\Program Files\MiKTeX\tex/generic/babel/locale/en\babel-english.tex
Package babel Info: Importing font and identification data for english
(babel)             from babel-en.ini. Reported on input line 11.
)
(C:\Program Files\MiKTeX\tex/latex/base\inputenc.sty
Package: inputenc 2024/02/08 v1.3d Input encoding file
\inpenc@prehook=\toks17
\inpenc@posthook=\toks18
)
(C:\Program Files\MiKTeX\tex/latex/pdfpages\pdfpages.sty
Package: pdfpages 2024/08/20 v0.6b Insert pages of external PDF documents (AM)

(C:\Program Files\MiKTeX\tex/latex/base\ifthen.sty
Package: ifthen 2024/03/16 v1.1e Standard LaTeX ifthen package (DPC)
)
(C:\Program Files\MiKTeX\tex/latex/tools\calc.sty
Package: calc 2023/07/08 v4.3 Infix arithmetic (KKT,FJ)
\calc@Acount=\count271
\calc@Bcount=\count272
\calc@Adimen=\dimen143
\calc@Bdimen=\dimen144
\calc@Askip=\skip51
\calc@Bskip=\skip52
LaTeX Info: Redefining \setlength on input line 80.
LaTeX Info: Redefining \addtolength on input line 81.
\calc@Ccount=\count273
\calc@Cskip=\skip53
)
(C:\Program Files\MiKTeX\tex/latex/eso-pic\eso-pic.sty
Package: eso-pic 2023/05/03 v3.0c eso-pic (RN)
\ESO@tempdima=\dimen145
\ESO@tempdimb=\dimen146

(C:\Program Files\MiKTeX\tex/latex/graphics\keyval.sty
Package: keyval 2022/05/29 v1.15 key=value parser (DPC)
\KV@toks@=\toks19
)
(C:\Program Files\MiKTeX\tex/latex/xcolor\xcolor.sty
Package: xcolor 2023/11/15 v3.01 LaTeX color extensions (UK)

(C:\Program Files\MiKTeX\tex/latex/graphics-cfg\color.cfg
File: color.cfg 2016/01/02 v1.6 sample color configuration
)
Package xcolor Info: Driver file: pdftex.def on input line 274.

(C:\Program Files\MiKTeX\tex/latex/graphics-def\pdftex.def
File: pdftex.def 2024/04/13 v1.2c Graphics/color driver for pdftex
)
(C:\Program Files\MiKTeX\tex/latex/graphics\mathcolor.ltx)
Package xcolor Info: Model `cmy' substituted by `cmy0' on input line 1350.
Package xcolor Info: Model `hsb' substituted by `rgb' on input line 1354.
Package xcolor Info: Model `RGB' extended on input line 1366.
Package xcolor Info: Model `HTML' substituted by `rgb' on input line 1368.
Package xcolor Info: Model `Hsb' substituted by `hsb' on input line 1369.
Package xcolor Info: Model `tHsb' substituted by `hsb' on input line 1370.
Package xcolor Info: Model `HSB' substituted by `hsb' on input line 1371.
Package xcolor Info: Model `Gray' substituted by `gray' on input line 1372.
Package xcolor Info: Model `wave' substituted by `hsb' on input line 1373.
))
(C:\Program Files\MiKTeX\tex/latex/graphics\graphicx.sty
Package: graphicx 2021/09/16 v1.2d Enhanced LaTeX Graphics (DPC,SPQR)

(C:\Program Files\MiKTeX\tex/latex/graphics\graphics.sty
Package: graphics 2024/05/23 v1.4g Standard LaTeX Graphics (DPC,SPQR)

(C:\Program Files\MiKTeX\tex/latex/graphics\trig.sty
Package: trig 2023/12/02 v1.11 sin cos tan (DPC)
)
(C:\Program Files\MiKTeX\tex/latex/graphics-cfg\graphics.cfg
File: graphics.cfg 2016/06/04 v1.11 sample graphics configuration
)
Package graphics Info: Driver file: pdftex.def on input line 106.
)
\Gin@req@height=\dimen147
\Gin@req@width=\dimen148
)
\AM@pagewidth=\dimen149
\AM@pageheight=\dimen150
\AM@fboxrule=\dimen151

(C:\Program Files\MiKTeX\tex/latex/pdfpages\pppdftex.def
File: pppdftex.def 2024/08/20 v0.6b Pdfpages driver for pdfTeX (AM)
)
\pdfpages@includegraphics@status=\count274
\AM@pagebox=\box52
\AM@global@opts=\toks20
\AM@pagecnt=\count275
\AM@toc@title=\toks21
\AM@lof@heading=\toks22
\c@AM@survey=\count276
\AM@templatesizebox=\box53
)
(C:\Program Files\MiKTeX\tex/latex/wallpaper\wallpaper.sty
Package: wallpaper 2005/01/18, v1.01 easy wallpaper formatting (MHFW)
\wpXoffset=\skip54
\wpYoffset=\skip55
\tileXoffset=\skip56
\tileYoffset=\skip57
\tilewidth=\skip58
\tileheight=\skip59
\tileX=\skip60
\tileY=\skip61
)
(C:\Program Files\MiKTeX\tex/latex/zref\zref.sty
Package: zref 2023-09-14 v2.35 A new reference scheme for LaTeX (HO)

(C:\Program Files\MiKTeX\tex/latex/zref\zref-base.sty
Package: zref-base 2023-09-14 v2.35 Module base for zref (HO)

(C:\Program Files\MiKTeX\tex/generic/ltxcmds\ltxcmds.sty
Package: ltxcmds 2023-12-04 v1.26 LaTeX kernel commands for general use (HO)
)
(C:\Program Files\MiKTeX\tex/generic/infwarerr\infwarerr.sty
Package: infwarerr 2019/12/03 v1.5 Providing info/warning/error messages (HO)
)
(C:\Program Files\MiKTeX\tex/latex/kvsetkeys\kvsetkeys.sty
Package: kvsetkeys 2022-10-05 v1.19 Key value parser (HO)
)
(C:\Program Files\MiKTeX\tex/generic/kvdefinekeys\kvdefinekeys.sty
Package: kvdefinekeys 2019-12-19 v1.6 Define keys (HO)
)
(C:\Program Files\MiKTeX\tex/generic/pdftexcmds\pdftexcmds.sty
Package: pdftexcmds 2020-06-27 v0.33 Utility functions of pdfTeX for LuaTeX (HO
)

(C:\Program Files\MiKTeX\tex/generic/iftex\iftex.sty
Package: iftex 2022/02/03 v1.0f TeX engine tests
)
Package pdftexcmds Info: \pdf@primitive is available.
Package pdftexcmds Info: \pdf@ifprimitive is available.
Package pdftexcmds Info: \pdfdraftmode found.
)
(C:\Program Files\MiKTeX\tex/generic/etexcmds\etexcmds.sty
Package: etexcmds 2019/12/15 v1.7 Avoid name clashes with e-TeX commands (HO)
)
(C:\Program Files\MiKTeX\tex/latex/auxhook\auxhook.sty
Package: auxhook 2019-12-17 v1.6 Hooks for auxiliary files (HO)
)
Package zref Info: New property list: main on input line 767.
Package zref Info: New property: default on input line 768.
Package zref Info: New property: page on input line 769.
))
(C:\Program Files\MiKTeX\tex/latex/zref\zref-counter.sty
Package: zref-counter 2023-09-14 v2.35 Module counter for zref (HO)
Package zref Info: New property: counter on input line 72.
)
(C:\Program Files\MiKTeX\tex/latex/zref\zref-dotfill.sty
Package: zref-dotfill 2023-09-14 v2.35 Module dotfill for zref (HO)

(C:\Program Files\MiKTeX\tex/latex/zref\zref-savepos.sty
Package: zref-savepos 2023-09-14 v2.35 Module savepos for zref (HO)
Package zref Info: New property list: savepos on input line 79.
Package zref Info: New property: posx on input line 81.
Package zref Info: New property: posy on input line 82.
)
\c@zref@unique=\count277
)
(C:\Program Files\MiKTeX\tex/latex/zref\zref-titleref.sty
Package: zref-titleref 2023-09-14 v2.35 Module titleref for zref (HO)

(C:\Program Files\MiKTeX\tex/generic/gettitlestring\gettitlestring.sty
Package: gettitlestring 2019/12/15 v1.6 Cleanup title references (HO)

(C:\Program Files\MiKTeX\tex/latex/kvoptions\kvoptions.sty
Package: kvoptions 2022-06-15 v3.15 Key value format for package options (HO)
))
Package zref Info: New property: title on input line 58.
)
(C:\Program Files\MiKTeX\tex/latex/zref\zref-totpages.sty
Package: zref-totpages 2023-09-14 v2.35 Module totpages for zref (HO)

(C:\Program Files\MiKTeX\tex/latex/zref\zref-abspage.sty
Package: zref-abspage 2023-09-14 v2.35 Module abspage for zref (HO)
\c@abspage=\count278
Package zref Info: New property: abspage on input line 67.
)
(C:\Program Files\MiKTeX\tex/latex/zref\zref-lastpage.sty
Package: zref-lastpage 2023-09-14 v2.35 Module lastpage for zref (HO)
Package zref Info: New property list: LastPage on input line 57.
))
(C:\Program Files\MiKTeX\tex/latex/zref\zref-user.sty
Package: zref-user 2023-09-14 v2.35 Module user for zref (HO)
)
(C:\Program Files\MiKTeX\tex/latex/setspace\setspace.sty
Package: setspace 2022/12/04 v6.7b set line spacing
)
(C:\Program Files\MiKTeX\tex/latex/tools\indentfirst.sty
Package: indentfirst 2023/07/02 v1.03 Indent first paragraph (DPC)
)
(C:\Program Files\MiKTeX\tex/latex/tocbibind\tocbibind.sty
Package: tocbibind 2010/10/13 v1.5k extra ToC listings
Package tocbibind Info: The document has chapter divisions on input line 50.


Package tocbibind Note: Using chapter style headings, unless overridden.

) (C:\Program Files\MiKTeX\tex/latex/multirow\multirow.sty
Package: multirow 2021/03/15 v2.8 Span multiple rows of a table
\multirow@colwidth=\skip62
\multirow@cntb=\count279
\multirow@dima=\skip63
\bigstrutjot=\dimen152
)
(C:\Program Files\MiKTeX\tex/latex/graphics\rotating.sty
Package: rotating 2016/08/11 v2.16d rotated objects in LaTeX
\c@r@tfl@t=\count280
\rotFPtop=\skip64
\rotFPbot=\skip65
\rot@float@box=\box54
\rot@mess@toks=\toks23
)
(C:\Program Files\MiKTeX\tex/latex/lastpage\lastpage.sty
Package: lastpage 2024/07/07 v2.1c lastpage: 2.09 or 2e? (HMM)

(C:\Program Files\MiKTeX\tex/latex/lastpage\lastpage2e.sty
Package: lastpage2e 2024/07/07 v2.1c Decide which 2e lastpage version to use (H
MM)

(C:\Program Files\MiKTeX\tex/latex/lastpage\lastpagemodern.sty
Package: lastpagemodern 2024-07-07 v2.1c Refers to last page's name (HMM; JPG)
\c@lastpagecount=\count281
) 
)) (C:\Program Files\MiKTeX\tex/latex/booktabs\booktabs.sty
Package: booktabs 2020/01/12 v1.61803398 Publication quality tables
\heavyrulewidth=\dimen153
\lightrulewidth=\dimen154
\cmidrulewidth=\dimen155
\belowrulesep=\dimen156
\belowbottomsep=\dimen157
\aboverulesep=\dimen158
\abovetopsep=\dimen159
\cmidrulesep=\dimen160
\cmidrulekern=\dimen161
\defaultaddspace=\dimen162
\@cmidla=\count282
\@cmidlb=\count283
\@aboverulesep=\dimen163
\@belowrulesep=\dimen164
\@thisruleclass=\count284
\@lastruleclass=\count285
\@thisrulewidth=\dimen165
)
(C:\Program Files\MiKTeX\tex/latex/ae\ae.sty
Package: ae 2001/02/12 1.3 Almost European Computer Modern

(C:\Program Files\MiKTeX\tex/latex/base\fontenc.sty
Package: fontenc 2021/04/29 v2.0v Standard LaTeX package
))
(C:\Program Files\MiKTeX\tex/latex/subfigure\subfigure.sty
Package: subfigure 2002/07/30 v2.1.4 subfigure package
\subfigtopskip=\skip66
\subfigcapskip=\skip67
\subfigcaptopadj=\dimen166
\subfigbottomskip=\skip68
\subfigcapmargin=\dimen167
\subfiglabelskip=\skip69
\c@subfigure=\count286
\c@lofdepth=\count287
\c@subtable=\count288
\c@lotdepth=\count289

****************************************
* Local config file subfigure.cfg used *
****************************************
(C:\Program Files\MiKTeX\tex/latex/subfigure\subfigure.cfg)
\subfig@top=\skip70
\subfig@bottom=\skip71
)
(C:\Program Files\MiKTeX\tex/latex/wrapfig\wrapfig.sty
\wrapoverhang=\dimen168
\WF@size=\dimen169
\c@WF@wrappedlines=\count290
\WF@box=\box55
\WF@everypar=\toks24
Package: wrapfig 2003/01/31  v 3.6
)
(C:\Program Files\MiKTeX\tex/latex/amsfonts\amsfonts.sty
Package: amsfonts 2013/01/14 v3.01 Basic AMSFonts support
\@emptytoks=\toks25
\symAMSa=\mathgroup4
\symAMSb=\mathgroup5
LaTeX Font Info:    Redeclaring math symbol \hbar on input line 98.
LaTeX Font Info:    Overwriting math alphabet `\mathfrak' in version `bold'
(Font)                  U/euf/m/n --> U/euf/b/n on input line 106.
)
(C:\Program Files\MiKTeX\tex/latex/amscls\amsthm.sty
Package: amsthm 2020/05/29 v2.20.6
\thm@style=\toks26
\thm@bodyfont=\toks27
\thm@headfont=\toks28
\thm@notefont=\toks29
\thm@headpunct=\toks30
\thm@preskip=\skip72
\thm@postskip=\skip73
\thm@headsep=\skip74
\dth@everypar=\toks31
)
(C:\Program Files\MiKTeX\tex/latex/amsmath\amsopn.sty
Package: amsopn 2022/04/08 v2.04 operator names

(C:\Program Files\MiKTeX\tex/latex/amsmath\amsgen.sty
File: amsgen.sty 1999/11/30 v2.0 generic functions
\@emptytoks=\toks32
\ex@=\dimen170
))
(C:\Program Files\MiKTeX\tex/latex/amsfonts\amssymb.sty
Package: amssymb 2013/01/14 v3.01 AMS font symbols
)
(C:\Program Files\MiKTeX\tex/latex/base\latexsym.sty
Package: latexsym 1998/08/17 v2.2e Standard LaTeX package (lasy symbols)
\symlasy=\mathgroup6
LaTeX Font Info:    Overwriting symbol font `lasy' in version `bold'
(Font)                  U/lasy/m/n --> U/lasy/b/n on input line 52.
)
(C:\Program Files\MiKTeX\tex/latex/listings\listings.sty
\lst@mode=\count291
\lst@gtempboxa=\box56
\lst@token=\toks33
\lst@length=\count292
\lst@currlwidth=\dimen171
\lst@column=\count293
\lst@pos=\count294
\lst@lostspace=\dimen172
\lst@width=\dimen173
\lst@newlines=\count295
\lst@lineno=\count296
\lst@maxwidth=\dimen174

(C:\Program Files\MiKTeX\tex/latex/listings\lstpatch.sty
File: lstpatch.sty 2024/05/25 1.10b (Carsten Heinz)
)
(C:\Program Files\MiKTeX\tex/latex/listings\lstmisc.sty
File: lstmisc.sty 2024/05/25 1.10b (Carsten Heinz)
\c@lstnumber=\count297
\lst@skipnumbers=\count298
\lst@framebox=\box57
)
(C:\Program Files\MiKTeX\tex/latex/listings\listings.cfg
File: listings.cfg 2024/05/25 1.10b listings configuration
))
Package: listings 2024/05/25 1.10b (Carsten Heinz)

(C:\Program Files\MiKTeX\tex/latex/geometry\geometry.sty
Package: geometry 2020/01/02 v5.9 Page Geometry

(C:\Program Files\MiKTeX\tex/generic/iftex\ifvtex.sty
Package: ifvtex 2019/10/25 v1.7 ifvtex legacy package. Use iftex instead.
)
\Gm@cnth=\count299
\Gm@cntv=\count300
\c@Gm@tempcnt=\count301
\Gm@bindingoffset=\dimen175
\Gm@wd@mp=\dimen176
\Gm@odd@mp=\dimen177
\Gm@even@mp=\dimen178
\Gm@layoutwidth=\dimen179
\Gm@layoutheight=\dimen180
\Gm@layouthoffset=\dimen181
\Gm@layoutvoffset=\dimen182
\Gm@dimlist=\toks34

(C:\Program Files\MiKTeX\tex/latex/geometry\geometry.cfg))
(C:\Program Files\MiKTeX\tex/latex/hyperref\hyperref.sty
Package: hyperref 2024-07-10 v7.01j Hypertext links for LaTeX

(C:\Program Files\MiKTeX\tex/generic/pdfescape\pdfescape.sty
Package: pdfescape 2019/12/09 v1.15 Implements pdfTeX's escape features (HO)
)
(C:\Program Files\MiKTeX\tex/latex/hycolor\hycolor.sty
Package: hycolor 2020-01-27 v1.10 Color options for hyperref/bookmark (HO)
)
(C:\Program Files\MiKTeX\tex/latex/hyperref\nameref.sty
Package: nameref 2023-11-26 v2.56 Cross-referencing by name of section

(C:\Program Files\MiKTeX\tex/latex/refcount\refcount.sty
Package: refcount 2019/12/15 v3.6 Data extraction from label references (HO)
)
\c@section@level=\count302
)
(C:\Program Files\MiKTeX\tex/latex/etoolbox\etoolbox.sty
Package: etoolbox 2020/10/05 v2.5k e-TeX tools for LaTeX (JAW)
\etb@tempcnta=\count303
)
(C:\Program Files\MiKTeX\tex/generic/stringenc\stringenc.sty
Package: stringenc 2019/11/29 v1.12 Convert strings between diff. encodings (HO
)
)
\@linkdim=\dimen183
\Hy@linkcounter=\count304
\Hy@pagecounter=\count305

(C:\Program Files\MiKTeX\tex/latex/hyperref\pd1enc.def
File: pd1enc.def 2024-07-10 v7.01j Hyperref: PDFDocEncoding definition (HO)
Now handling font encoding PD1 ...
... no UTF-8 mapping file for font encoding PD1
)
(C:\Program Files\MiKTeX\tex/generic/intcalc\intcalc.sty
Package: intcalc 2019/12/15 v1.3 Expandable calculations with integers (HO)
)
\Hy@SavedSpaceFactor=\count306

(C:\Program Files\MiKTeX\tex/latex/hyperref\puenc.def
File: puenc.def 2024-07-10 v7.01j Hyperref: PDF Unicode definition (HO)
Now handling font encoding PU ...
... no UTF-8 mapping file for font encoding PU
)
Package hyperref Info: Option `unicode' set `true' on input line 4040.
Package hyperref Info: Option `plainpages' set `false' on input line 4040.
Package hyperref Info: Option `pdfpagelabels' set `true' on input line 4040.
Package hyperref Info: Option `colorlinks' set `true' on input line 4040.
Package hyperref Info: Option `bookmarksopen' set `true' on input line 4040.
Package hyperref Info: Hyper figures OFF on input line 4157.
Package hyperref Info: Link nesting OFF on input line 4162.
Package hyperref Info: Hyper index ON on input line 4165.
Package hyperref Info: Plain pages OFF on input line 4172.
Package hyperref Info: Backreferencing ON on input line 4175.
Package hyperref Info: Implicit mode ON; LaTeX internals redefined.
Package hyperref Info: Bookmarks ON on input line 4424.

(C:\Program Files\MiKTeX\tex/latex/hyperref\backref.sty
Package: backref 2023-11-26 v1.44 Bibliographical back referencing

(C:\Program Files\MiKTeX\tex/latex/rerunfilecheck\rerunfilecheck.sty
Package: rerunfilecheck 2022-07-10 v1.10 Rerun checks for auxiliary files (HO)

(C:\Program Files\MiKTeX\tex/latex/base\atveryend-ltx.sty
Package: atveryend-ltx 2020/08/19 v1.0a Emulation of the original atveryend pac
kage
with kernel methods
)
(C:\Program Files\MiKTeX\tex/generic/uniquecounter\uniquecounter.sty
Package: uniquecounter 2019/12/15 v1.4 Provide unlimited unique counter (HO)

(C:\Program Files\MiKTeX\tex/generic/bigintcalc\bigintcalc.sty
Package: bigintcalc 2019/12/15 v1.5 Expandable calculations on big integers (HO
)
))
Package uniquecounter Info: New unique counter `rerunfilecheck' on input line 2
85.
))
\c@Hy@tempcnt=\count307

(C:\Program Files\MiKTeX\tex/latex/url\url.sty
\Urlmuskip=\muskip17
Package: url 2013/09/16  ver 3.4  Verb mode for urls, etc.
)
LaTeX Info: Redefining \url on input line 4763.
\XeTeXLinkMargin=\dimen184

(C:\Program Files\MiKTeX\tex/generic/bitset\bitset.sty
Package: bitset 2019/12/09 v1.3 Handle bit-vector datatype (HO)
)
\Fld@menulength=\count308
\Field@Width=\dimen185
\Fld@charsize=\dimen186
Package hyperref Info: Hyper figures OFF on input line 6042.
Package hyperref Info: Link nesting OFF on input line 6047.
Package hyperref Info: Hyper index ON on input line 6050.
Package hyperref Info: backreferencing ON on input line 6055.
Package hyperref Info: Link coloring ON on input line 6060.
Package hyperref Info: Link coloring with OCG OFF on input line 6067.
Package hyperref Info: PDF/A mode OFF on input line 6072.

(C:\Program Files\MiKTeX\tex/latex/base\atbegshi-ltx.sty
Package: atbegshi-ltx 2021/01/10 v1.0c Emulation of the original atbegshi
package with kernel methods
)
\Hy@abspage=\count309
\c@Item=\count310
\c@Hfootnote=\count311
)
Package hyperref Info: Driver: hpdftex.

(C:\Program Files\MiKTeX\tex/latex/hyperref\hpdftex.def
File: hpdftex.def 2024-07-10 v7.01j Hyperref driver for pdfTeX
\HyAnn@Count=\count312
\Fld@listcount=\count313
\c@bookmark@seq@number=\count314
\Hy@SectionHShift=\skip75
)
(C:\Program Files\MiKTeX\tex/latex/eqparbox\eqparbox.sty
Package: eqparbox 2017/09/03 v4.1 Create equal-widthed boxes
\eqp@tempdima=\skip76
\eqp@tempdimb=\skip77

(C:\Program Files\MiKTeX\tex/latex/tools\array.sty
Package: array 2024/06/14 v2.6d Tabular extension package (FMi)
\col@sep=\dimen187
\ar@mcellbox=\box58
\extrarowheight=\dimen188
\NC@list=\toks35
\extratabsurround=\skip78
\backup@length=\skip79
\ar@cellbox=\box59
)
\eqp@tabular@box=\box60
\eqp@list@box=\box61
\eqp@list@indent=\skip80

(C:\Program Files\MiKTeX\tex/latex/environ\environ.sty
Package: environ 2014/05/04 v0.3 A new way to define environments

(C:\Program Files\MiKTeX\tex/latex/trimspaces\trimspaces.sty
Package: trimspaces 2009/09/17 v1.1 Trim spaces around a token list
)
\@envbody=\toks36
))
(C:\Program Files\MiKTeX\tex/latex/hyphenat\hyphenat.sty
Package: hyphenat 2009/09/02 v2.3c hyphenation utilities
\langwohyphens=\language80
LaTeX Info: Redefining \_ on input line 43.
)
(C:\Program Files\MiKTeX\tex/latex/tools\tabularx.sty
Package: tabularx 2023/12/11 v2.12a `tabularx' package (DPC)
\TX@col@width=\dimen189
\TX@old@table=\dimen190
\TX@old@col=\dimen191
\TX@target=\dimen192
\TX@delta=\dimen193
\TX@cols=\count315
\TX@ftn=\toks37
)
(C:\Program Files\MiKTeX\tex/latex/xstring\xstring.sty
(C:\Program Files\MiKTeX\tex/generic/xstring\xstring.tex
\xs_counta=\count316
\xs_countb=\count317
)
Package: xstring 2023/08/22 v1.86 String manipulations (CT)
)
(C:\Program Files\MiKTeX\tex/latex/placeins\placeins.sty
Package: placeins 2005/04/18  v 2.2
)
(C:\Program Files\MiKTeX\tex/latex/tocloft\tocloft.sty
Package: tocloft 2017/08/31 v2.3i parameterised ToC, etc., typesetting
Package tocloft Info: The document has chapter divisions on input line 51.
\cftparskip=\skip81
\cftbeforetoctitleskip=\skip82
\cftaftertoctitleskip=\skip83
\cftbeforepartskip=\skip84
\cftpartnumwidth=\skip85
\cftpartindent=\skip86
\cftbeforechapskip=\skip87
\cftchapindent=\skip88
\cftchapnumwidth=\skip89
\cftbeforesecskip=\skip90
\cftsecindent=\skip91
\cftsecnumwidth=\skip92
\cftbeforesubsecskip=\skip93
\cftsubsecindent=\skip94
\cftsubsecnumwidth=\skip95
\cftbeforesubsubsecskip=\skip96
\cftsubsubsecindent=\skip97
\cftsubsubsecnumwidth=\skip98
\cftbeforeparaskip=\skip99
\cftparaindent=\skip100
\cftparanumwidth=\skip101
\cftbeforesubparaskip=\skip102
\cftsubparaindent=\skip103
\cftsubparanumwidth=\skip104
\cftbeforeloftitleskip=\skip105
\cftafterloftitleskip=\skip106
\cftbeforefigskip=\skip107
\cftfigindent=\skip108
\cftfignumwidth=\skip109
\cftbeforelottitleskip=\skip110
\cftafterlottitleskip=\skip111
\cftbeforetabskip=\skip112
\cfttabindent=\skip113
\cfttabnumwidth=\skip114
\cftbeforesubfigskip=\skip115
\cftsubfigindent=\skip116
\cftsubfignumwidth=\skip117
\cftbeforesubtabskip=\skip118
\cftsubtabindent=\skip119
\cftsubtabnumwidth=\skip120
)
(C:\Program Files\MiKTeX\tex/latex/titlesec\titlesec.sty
Package: titlesec 2023/10/27 v2.16 Sectioning titles
\ttl@box=\box62
\beforetitleunit=\skip121
\aftertitleunit=\skip122
\ttl@plus=\dimen194
\ttl@minus=\dimen195
\ttl@toksa=\toks38
\titlewidth=\dimen196
\titlewidthlast=\dimen197
\titlewidthfirst=\dimen198
)
(C:\Program Files\MiKTeX\tex/latex/chngcntr\chngcntr.sty
Package: chngcntr 2018/04/09 v1.1a change counter resetting
Package chngcntr Info: \counterwithout already defined.
(chngcntr)             Quitting chngcntr on input line 21.
)
(C:\Program Files\MiKTeX\tex/latex/caption\caption.sty
Package: caption 2023/08/05 v3.6o Customizing captions (AR)

(C:\Program Files\MiKTeX\tex/latex/caption\caption3.sty
Package: caption3 2023/07/31 v2.4d caption3 kernel (AR)
\caption@tempdima=\dimen199
\captionmargin=\dimen256
\caption@leftmargin=\dimen257
\caption@rightmargin=\dimen258
\caption@width=\dimen259
\caption@indent=\dimen260
\caption@parindent=\dimen261
\caption@hangindent=\dimen262
Package caption Info: Standard document class detected.
)
\c@caption@flags=\count318
\c@continuedfloat=\count319
Package caption Info: hyperref package is loaded.
Package caption Info: listings package is loaded.
Package caption Info: rotating package is loaded.
Package caption Info: subfigure package is loaded.
Package caption Info: wrapfig package is loaded.
)
\@advisor=\count320
\@examiner=\count321
\@foreignkeyword=\count322
\@class=\count323
\c@keywords=\count324
Package zref Info: New property: chaptitle on input line 358.
\@fields=\count325
)
(C:\Program Files\MiKTeX\tex/latex/amsmath\amsmath.sty
Package: amsmath 2024/05/23 v2.17q AMS math features
\@mathmargin=\skip123

For additional information on amsmath, use the `?' option.
(C:\Program Files\MiKTeX\tex/latex/amsmath\amstext.sty
Package: amstext 2021/08/26 v2.01 AMS text
)
(C:\Program Files\MiKTeX\tex/latex/amsmath\amsbsy.sty
Package: amsbsy 1999/11/29 v1.2d Bold Symbols
\pmbraise@=\dimen263
)
\inf@bad=\count326
LaTeX Info: Redefining \frac on input line 233.
\uproot@=\count327
\leftroot@=\count328
LaTeX Info: Redefining \overline on input line 398.
LaTeX Info: Redefining \colon on input line 409.
\classnum@=\count329
\DOTSCASE@=\count330
LaTeX Info: Redefining \ldots on input line 495.
LaTeX Info: Redefining \dots on input line 498.
LaTeX Info: Redefining \cdots on input line 619.
\Mathstrutbox@=\box63
\strutbox@=\box64
LaTeX Info: Redefining \big on input line 721.
LaTeX Info: Redefining \Big on input line 722.
LaTeX Info: Redefining \bigg on input line 723.
LaTeX Info: Redefining \Bigg on input line 724.
\big@size=\dimen264
LaTeX Font Info:    Redeclaring font encoding OML on input line 742.
LaTeX Font Info:    Redeclaring font encoding OMS on input line 743.
\macc@depth=\count331
LaTeX Info: Redefining \bmod on input line 904.
LaTeX Info: Redefining \pmod on input line 909.
LaTeX Info: Redefining \smash on input line 939.
LaTeX Info: Redefining \relbar on input line 969.
LaTeX Info: Redefining \Relbar on input line 970.
\c@MaxMatrixCols=\count332
\dotsspace@=\muskip18
\c@parentequation=\count333
\dspbrk@lvl=\count334
\tag@help=\toks39
\row@=\count335
\column@=\count336
\maxfields@=\count337
\andhelp@=\toks40
\eqnshift@=\dimen265
\alignsep@=\dimen266
\tagshift@=\dimen267
\tagwidth@=\dimen268
\totwidth@=\dimen269
\lineht@=\dimen270
\@envbody=\toks41
\multlinegap=\skip124
\multlinetaggap=\skip125
\mathdisplay@stack=\toks42
LaTeX Info: Redefining \[ on input line 2953.
LaTeX Info: Redefining \] on input line 2954.
)
(C:\Program Files\MiKTeX\tex/latex/abntex2\abntex2cite.sty
Package: abntex2cite 2018/11/24 v-1.9.7 abnTeX2

(C:\Program Files\MiKTeX\tex/latex/abntex2\abntex2abrev.sty)
\minimumbiblabelwidth=\skip126
\ABCIauxlen=\skip127
\c@ABCIaux=\count338
\c@ABCImax=\count339

(C:\Program Files\MiKTeX\tex/generic/iftex\ifpdf.sty
Package: ifpdf 2019/10/25 v3.4 ifpdf legacy package. Use iftex instead.
)
(C:\Program Files\MiKTeX\tex/generic/iftex\ifxetex.sty
Package: ifxetex 2019/10/25 v0.7 ifxetex legacy package. Use iftex instead.
)
(C:\Program Files\MiKTeX\tex/latex/relsize\relsize.sty
Package: relsize 2013/03/29 ver 4.1
)
\biblabelsep=\skip128
LaTeX Info: Redefining \newblock on input line 591.
LaTeX Info: Redefining \cite on input line 618.
\ABCItoken=\toks43
)
LaTeX Font Info:    Trying to load font information for T1+aer on input line 24
.

(C:\Program Files\MiKTeX\tex/latex/ae\t1aer.fd
File: t1aer.fd 1997/11/16 Font definitions for T1/aer.
)
(C:\Program Files\MiKTeX\tex/latex/l3backend\l3backend-pdftex.def
File: l3backend-pdftex.def 2024-05-08 L3 backend support: PDF output (pdfTeX)
\l__color_backend_stack_int=\count340
\l__pdf_internal_box=\box65
)
(projeto_exemplo.aux
! Missing \endcsname inserted.
<to be read again> 
                   \protect 
l.22 ...치veis nos Microdados}{table.caption.1}{}}
                                                  
The control sequence marked <to be read again> should
not appear between \csname and \endcsname.

! Missing \endcsname inserted.
<to be read again> 
                   \protect 
l.22 ...치veis nos Microdados}{table.caption.1}{}}
                                                  
The control sequence marked <to be read again> should
not appear between \csname and \endcsname.

)
\openout1 = `projeto_exemplo.aux'.

LaTeX Font Info:    Checking defaults for OML/cmm/m/it on input line 24.
LaTeX Font Info:    ... okay on input line 24.
LaTeX Font Info:    Checking defaults for OMS/cmsy/m/n on input line 24.
LaTeX Font Info:    ... okay on input line 24.
LaTeX Font Info:    Checking defaults for OT1/cmr/m/n on input line 24.
LaTeX Font Info:    ... okay on input line 24.
LaTeX Font Info:    Checking defaults for T1/cmr/m/n on input line 24.
LaTeX Font Info:    ... okay on input line 24.
LaTeX Font Info:    Checking defaults for TS1/cmr/m/n on input line 24.
LaTeX Font Info:    ... okay on input line 24.
LaTeX Font Info:    Checking defaults for OMX/cmex/m/n on input line 24.
LaTeX Font Info:    ... okay on input line 24.
LaTeX Font Info:    Checking defaults for U/cmr/m/n on input line 24.
LaTeX Font Info:    ... okay on input line 24.
LaTeX Font Info:    Checking defaults for PD1/pdf/m/n on input line 24.
LaTeX Font Info:    ... okay on input line 24.
LaTeX Font Info:    Checking defaults for PU/pdf/m/n on input line 24.
LaTeX Font Info:    ... okay on input line 24.
 (C:\Program Files\MiKTeX\tex/context/base/mkii\supp-pdf.mkii
[Loading MPS to PDF converter (version 2006.09.02).]
\scratchcounter=\count341
\scratchdimen=\dimen271
\scratchbox=\box66
\nofMPsegments=\count342
\nofMParguments=\count343
\everyMPshowfont=\toks44
\MPscratchCnt=\count344
\MPscratchDim=\dimen272
\MPnumerator=\count345
\makeMPintoPDFobject=\count346
\everyMPtoPDFconversion=\toks45
) (C:\Program Files\MiKTeX\tex/latex/epstopdf-pkg\epstopdf-base.sty
Package: epstopdf-base 2020-01-24 v2.11 Base part for package epstopdf
Package epstopdf-base Info: Redefining graphics rule for `.eps' on input line 4
85.

(C:\Program Files\MiKTeX\tex/latex/00miktex\epstopdf-sys.cfg
File: epstopdf-sys.cfg 2021/03/18 v2.0 Configuration of epstopdf for MiKTeX
))
(C:\Program Files\MiKTeX\tex/latex/pdflscape\pdflscape.sty
Package: pdflscape 2022-10-27 v0.13 Display of landscape pages in PDF

(C:\Program Files\MiKTeX\tex/latex/pdflscape\pdflscape-nometadata.sty
Package: pdflscape-nometadata 2022-10-28 v0.13 Display of landscape pages in PD
F (HO)

(C:\Program Files\MiKTeX\tex/latex/graphics\lscape.sty
Package: lscape 2020/05/28 v3.02 Landscape Pages (DPC)
)
Package pdflscape Info: Auto-detected driver: pdftex on input line 81.
))
\c@lstlisting=\count347

*geometry* driver: auto-detecting
*geometry* detected driver: pdftex
*geometry* verbose mode - [ preamble ] result:
* driver: pdftex
* paper: a4paper
* layout: <same size as paper>
* layoutoffset:(h,v)=(0.0pt,0.0pt)
* modes: 
* h-part:(L,W,R)=(85.35826pt, 455.24411pt, 56.9055pt)
* v-part:(T,H,B)=(85.35826pt, 702.78308pt, 56.9055pt)
* \paperwidth=597.50787pt
* \paperheight=845.04684pt
* \textwidth=455.24411pt
* \textheight=702.78308pt
* \oddsidemargin=13.08827pt
* \evensidemargin=13.08827pt
* \topmargin=-18.78552pt
* \headheight=12.0pt
* \headsep=19.8738pt
* \topskip=12.0pt
* \footskip=30.0pt
* \marginparwidth=47.0pt
* \marginparsep=7.0pt
* \columnsep=10.0pt
* \skip\footins=10.8pt plus 4.0pt minus 2.0pt
* \hoffset=0.0pt
* \voffset=0.0pt
* \mag=1000
* \@twocolumnfalse
* \@twosidefalse
* \@mparswitchfalse
* \@reversemarginfalse
* (1in=72.27pt=25.4mm, 1cm=28.453pt)

Package hyperref Info: Link coloring ON on input line 24.
(projeto_exemplo.out) (projeto_exemplo.out)
\@outlinefile=\write3
\openout3 = `projeto_exemplo.out'.

Package caption Info: Begin \AtBeginDocument code.
Package caption Info: End \AtBeginDocument code.
Package hyperref Info: Option `breaklinks' set `true' on input line 42.
Package hyperref Info: Option `raiselinks' set `true' on input line 42.
Package hyperref Info: Option `pageanchor' set `true' on input line 42.
<logouft.pdf, id=3, 240.9pt x 240.9pt>
File: logouft.pdf Graphic file (type pdf)
<use logouft.pdf>
Package pdftex.def Info: logouft.pdf  used on input line 42.
(pdftex.def)             Requested size: 72.83821pt x 72.83662pt.
LaTeX Font Info:    Trying to load font information for U+msa on input line 42.


(C:\Program Files\MiKTeX\tex/latex/amsfonts\umsa.fd
File: umsa.fd 2013/01/14 v3.01 AMS symbols A
)
LaTeX Font Info:    Trying to load font information for U+msb on input line 42.


(C:\Program Files\MiKTeX\tex/latex/amsfonts\umsb.fd
File: umsb.fd 2013/01/14 v3.01 AMS symbols B
)
LaTeX Font Info:    Trying to load font information for U+lasy on input line 42
.

(C:\Program Files\MiKTeX\tex/latex/base\ulasy.fd
File: ulasy.fd 1998/08/17 v2.2e LaTeX symbol font definitions
)
Underfull \hbox (badness 10000) in paragraph at lines 55--56

 []


Underfull \hbox (badness 10000) in paragraph at lines 57--58

 []


Underfull \hbox (badness 10000) in paragraph at lines 65--66

 []


Underfull \hbox (badness 10000) in paragraph at lines 69--70

 []



[1{C:/Users/Lorenzo Costa/AppData/Local/MiKTeX/fonts/map/pdftex/pdftex.map}

 <./logouft.pdf>]

Package hyperref Warning: Suppressing empty link on input line 71.


Underfull \hbox (badness 10000) in paragraph at lines 71--72

 []


Underfull \hbox (badness 10000) in paragraph at lines 73--74

 []


Underfull \hbox (badness 10000) in paragraph at lines 77--78

 []


Underfull \hbox (badness 10000) in paragraph at lines 79--80

 []


Underfull \hbox (badness 10000) in paragraph at lines 81--82

 []


Underfull \hbox (badness 10000) in paragraph at lines 83--84

 []


Underfull \hbox (badness 10000) in paragraph at lines 85--86

 []



[2]
Underfull \hbox (badness 10000) in paragraph at lines 87--88

 []


Underfull \hbox (badness 10000) in paragraph at lines 89--90

 []


Underfull \hbox (badness 10000) in paragraph at lines 91--92

 []


Underfull \hbox (badness 10000) in paragraph at lines 93--94

 []


Underfull \hbox (badness 10000) in paragraph at lines 95--96

 []


Underfull \hbox (badness 10000) in paragraph at lines 97--98

 []


Underfull \hbox (badness 10000) in paragraph at lines 99--100

 []



[3]
Underfull \hbox (badness 10000) in paragraph at lines 101--102

 []

LaTeX Font Info:    Trying to load font information for TS1+aer on input line 1
07.
LaTeX Font Info:    No file TS1aer.fd. on input line 107.

LaTeX Font Warning: Font shape `TS1/aer/m/n' undefined
(Font)              using `TS1/cmr/m/n' instead
(Font)              for symbol `textbullet' on input line 107.



[4] (projeto_exemplo.bbl (projeto_exemplo.brf)
\tf@brf=\write4
\openout4 = `projeto_exemplo.brf'.

)

[5] 
enddocument/afterlastpage: lastpage setting LastPage.
(projeto_exemplo.aux
! Missing \endcsname inserted.
<to be read again> 
                   \protect 
l.22 ...치veis nos Microdados}{table.caption.1}{}}
                                                  
The control sequence marked <to be read again> should
not appear between \csname and \endcsname.

! Extra \endcsname.
\@newl@bel ... \bbl@tempa \csname #1@#2\endcsname 
                                                  \def \bbl@tempb {#3}\@safe...
l.22 ...치veis nos Microdados}{table.caption.1}{}}
                                                  
I'm ignoring this, since I wasn't doing a \csname.

)
 ***********
LaTeX2e <2024-06-01> patch level 2
L3 programming layer <2024-08-30>
 ***********


LaTeX Font Warning: Some font shapes were not available, defaults substituted.

Package rerunfilecheck Info: File `projeto_exemplo.out' has not changed.
(rerunfilecheck)             Checksum: D41D8CD98F00B204E9800998ECF8427E;0.
Package rerunfilecheck Info: File `projeto_exemplo.brf' has not changed.
(rerunfilecheck)             Checksum: 5971D278C7D8AAE2911EE927F7E417C8;230.
 ) 
Here is how much of TeX's memory you used:
 18820 strings out of 473899
 300996 string characters out of 5736289
 731050 words of memory out of 5000000
 41295 multiletter control sequences out of 15000+600000
 576150 words of font info for 77 fonts, out of 8000000 for 9000
 1141 hyphenation exceptions out of 8191
 105i,9n,107p,637b,473s stack positions out of 10000i,1000n,20000p,200000b,200000s
 <C:\Users\Lorenzo Costa\AppData\Local\MiKTeX\fonts/pk/ljfour/jknappen/ec/dpi
600\tcrm1200.pk><C:/Program Files/MiKTeX/fonts/type1/public/amsfonts/cm/cmb10.p
fb><C:/Program Files/MiKTeX/fonts/type1/public/amsfonts/cm/cmmi12.pfb><C:/Progr
am Files/MiKTeX/fonts/type1/public/amsfonts/cm/cmmi8.pfb><C:/Program Files/MiKT
eX/fonts/type1/public/amsfonts/cm/cmr12.pfb><C:/Program Files/MiKTeX/fonts/type
1/public/amsfonts/cm/cmr8.pfb><C:/Program Files/MiKTeX/fonts/type1/public/amsfo
nts/cm/cmsy10.pfb><C:/Program Files/MiKTeX/fonts/type1/public/amsfonts/cm/cmti1
2.pfb>
Output written on projeto_exemplo.pdf (5 pages, 125245 bytes).
PDF statistics:
 89 PDF objects out of 1000 (max. 8388607)
 11 named destinations out of 1000 (max. 500000)
 6 words of extra memory for PDF output out of 10000 (max. 10000000)

